
========================[ Mar 19, 2018  8:08 PM ]========================
Version 2.2.26 [Sep-21-2011]
Started database file "Rangeli_CDS.fasta"
Formatted 19 sequences in volume 0
SUCCESS: formatted database Rangeli_CDS.fasta

========================[ Mar 19, 2018  8:08 PM ]========================
Version 2.2.26 [Sep-21-2011]
Started database file "Rangeli_AA.fasta"
Formatted 19 sequences in volume 0
SUCCESS: formatted database Rangeli_AA.fasta

========================[ Mar 19, 2018  8:51 PM ]========================
Version 2.2.26 [Sep-21-2011]
Started database file "Rangeli_CDS.fasta"
Formatted 19 sequences in volume 0
SUCCESS: formatted database Rangeli_CDS.fasta

========================[ Mar 19, 2018  8:51 PM ]========================
Version 2.2.26 [Sep-21-2011]
Started database file "Rangeli_AA.fasta"
Formatted 19 sequences in volume 0
SUCCESS: formatted database Rangeli_AA.fasta

========================[ Mar 19, 2018  8:51 PM ]========================
Version 2.2.26 [Sep-21-2011]
Started database file "Rangeli_CDS.fasta"
Formatted 13 sequences in volume 0
SUCCESS: formatted database Rangeli_CDS.fasta

========================[ Mar 19, 2018  8:51 PM ]========================
Version 2.2.26 [Sep-21-2011]
Started database file "Rangeli_AA.fasta"
Formatted 22 sequences in volume 0
SUCCESS: formatted database Rangeli_AA.fasta

========================[ Mar 19, 2018  8:52 PM ]========================
Version 2.2.26 [Sep-21-2011]
Started database file "Rangeli_CDS.fasta"
Formatted 19 sequences in volume 0
SUCCESS: formatted database Rangeli_CDS.fasta

========================[ Mar 19, 2018  8:52 PM ]========================
Version 2.2.26 [Sep-21-2011]
Started database file "Rangeli_AA.fasta"
Formatted 19 sequences in volume 0
SUCCESS: formatted database Rangeli_AA.fasta

========================[ Mar 19, 2018  9:09 PM ]========================
Version 2.2.26 [Sep-21-2011]
Started database file "Rangeli_CDS.fasta"
Formatted 19 sequences in volume 0
SUCCESS: formatted database Rangeli_CDS.fasta

========================[ Mar 19, 2018  9:09 PM ]========================
Version 2.2.26 [Sep-21-2011]
Started database file "Rangeli_AA.fasta"
Formatted 19 sequences in volume 0
SUCCESS: formatted database Rangeli_AA.fasta

========================[ Mar 19, 2018  9:10 PM ]========================
Version 2.2.26 [Sep-21-2011]
Started database file "Rangeli_CDS.fasta"
Formatted 19 sequences in volume 0
SUCCESS: formatted database Rangeli_CDS.fasta

========================[ Mar 19, 2018  9:10 PM ]========================
Version 2.2.26 [Sep-21-2011]
Started database file "Rangeli_AA.fasta"
Formatted 19 sequences in volume 0
SUCCESS: formatted database Rangeli_AA.fasta

========================[ Mar 19, 2018  9:10 PM ]========================
Version 2.2.26 [Sep-21-2011]
Started database file "Rangeli_CDS.fasta"
Formatted 19 sequences in volume 0
SUCCESS: formatted database Rangeli_CDS.fasta

========================[ Mar 19, 2018  9:10 PM ]========================
Version 2.2.26 [Sep-21-2011]
Started database file "Rangeli_AA.fasta"
Formatted 19 sequences in volume 0
SUCCESS: formatted database Rangeli_AA.fasta

========================[ Mar 19, 2018  9:11 PM ]========================
Version 2.2.26 [Sep-21-2011]
Started database file "Rangeli_CDS.fasta"
Formatted 19 sequences in volume 0
SUCCESS: formatted database Rangeli_CDS.fasta

========================[ Mar 19, 2018  9:11 PM ]========================
Version 2.2.26 [Sep-21-2011]
Started database file "Rangeli_AA.fasta"
Formatted 19 sequences in volume 0
SUCCESS: formatted database Rangeli_AA.fasta

========================[ Mar 19, 2018  9:14 PM ]========================
Version 2.2.26 [Sep-21-2011]
Started database file "Rangeli_CDS.fasta"
Formatted 19 sequences in volume 0
SUCCESS: formatted database Rangeli_CDS.fasta

========================[ Mar 19, 2018  9:14 PM ]========================
Version 2.2.26 [Sep-21-2011]
Started database file "Rangeli_AA.fasta"
Formatted 19 sequences in volume 0
SUCCESS: formatted database Rangeli_AA.fasta

========================[ Mar 19, 2018  9:14 PM ]========================
Version 2.2.26 [Sep-21-2011]
Started database file "Rangeli_CDS.fasta"
Formatted 19 sequences in volume 0
SUCCESS: formatted database Rangeli_CDS.fasta

========================[ Mar 19, 2018  9:14 PM ]========================
Version 2.2.26 [Sep-21-2011]
Started database file "Rangeli_AA.fasta"
Formatted 19 sequences in volume 0
SUCCESS: formatted database Rangeli_AA.fasta

========================[ Mar 19, 2018  9:15 PM ]========================
Version 2.2.26 [Sep-21-2011]
Started database file "Rangeli_CDS.fasta"
Formatted 19 sequences in volume 0
SUCCESS: formatted database Rangeli_CDS.fasta

========================[ Mar 19, 2018  9:15 PM ]========================
Version 2.2.26 [Sep-21-2011]
Started database file "Rangeli_AA.fasta"
Formatted 19 sequences in volume 0
SUCCESS: formatted database Rangeli_AA.fasta

========================[ Mar 19, 2018  9:15 PM ]========================
Version 2.2.26 [Sep-21-2011]
Started database file "Rangeli_CDS.fasta"
Formatted 19 sequences in volume 0
SUCCESS: formatted database Rangeli_CDS.fasta

========================[ Mar 19, 2018  9:15 PM ]========================
Version 2.2.26 [Sep-21-2011]
Started database file "Rangeli_AA.fasta"
Formatted 19 sequences in volume 0
SUCCESS: formatted database Rangeli_AA.fasta

========================[ Mar 19, 2018  9:16 PM ]========================
Version 2.2.26 [Sep-21-2011]
Started database file "Rangeli_CDS.fasta"
Formatted 19 sequences in volume 0
SUCCESS: formatted database Rangeli_CDS.fasta

========================[ Mar 19, 2018  9:16 PM ]========================
Version 2.2.26 [Sep-21-2011]
Started database file "Rangeli_AA.fasta"
Formatted 19 sequences in volume 0
SUCCESS: formatted database Rangeli_AA.fasta

========================[ Mar 19, 2018  9:16 PM ]========================
Version 2.2.26 [Sep-21-2011]
Started database file "Rangeli_CDS.fasta"
Formatted 19 sequences in volume 0
SUCCESS: formatted database Rangeli_CDS.fasta

========================[ Mar 19, 2018  9:16 PM ]========================
Version 2.2.26 [Sep-21-2011]
Started database file "Rangeli_AA.fasta"
Formatted 19 sequences in volume 0
SUCCESS: formatted database Rangeli_AA.fasta

========================[ Mar 19, 2018  9:16 PM ]========================
Version 2.2.26 [Sep-21-2011]
Started database file "Rangeli_CDS.fasta"
Formatted 19 sequences in volume 0
SUCCESS: formatted database Rangeli_CDS.fasta

========================[ Mar 19, 2018  9:16 PM ]========================
Version 2.2.26 [Sep-21-2011]
Started database file "Rangeli_AA.fasta"
Formatted 19 sequences in volume 0
SUCCESS: formatted database Rangeli_AA.fasta

========================[ Mar 19, 2018  9:40 PM ]========================
Version 2.2.26 [Sep-21-2011]
Started database file "Rangeli_CDS.fasta"
Formatted 19 sequences in volume 0
SUCCESS: formatted database Rangeli_CDS.fasta

========================[ Mar 19, 2018  9:40 PM ]========================
Version 2.2.26 [Sep-21-2011]
Started database file "Rangeli_AA.fasta"
Formatted 19 sequences in volume 0
SUCCESS: formatted database Rangeli_AA.fasta

========================[ Mar 19, 2018  9:44 PM ]========================
Version 2.2.26 [Sep-21-2011]
Started database file "Rangeli_CDS.fasta"
Formatted 19 sequences in volume 0
SUCCESS: formatted database Rangeli_CDS.fasta

========================[ Mar 19, 2018  9:44 PM ]========================
Version 2.2.26 [Sep-21-2011]
Started database file "Rangeli_AA.fasta"
Formatted 19 sequences in volume 0
SUCCESS: formatted database Rangeli_AA.fasta

========================[ Mar 19, 2018  9:47 PM ]========================
Version 2.2.26 [Sep-21-2011]
Started database file "Rangeli_CDS.fasta"
Formatted 19 sequences in volume 0
SUCCESS: formatted database Rangeli_CDS.fasta

========================[ Mar 19, 2018  9:47 PM ]========================
Version 2.2.26 [Sep-21-2011]
Started database file "Rangeli_AA.fasta"
Formatted 19 sequences in volume 0
SUCCESS: formatted database Rangeli_AA.fasta

========================[ Mar 19, 2018  9:48 PM ]========================
Version 2.2.26 [Sep-21-2011]
Started database file "Rangeli_CDS.fasta"
Formatted 19 sequences in volume 0
SUCCESS: formatted database Rangeli_CDS.fasta

========================[ Mar 19, 2018  9:48 PM ]========================
Version 2.2.26 [Sep-21-2011]
Started database file "Rangeli_AA.fasta"
Formatted 19 sequences in volume 0
SUCCESS: formatted database Rangeli_AA.fasta

========================[ Mar 19, 2018  9:49 PM ]========================
Version 2.2.26 [Sep-21-2011]
Started database file "Rangeli_CDS.fasta"
Formatted 19 sequences in volume 0
SUCCESS: formatted database Rangeli_CDS.fasta

========================[ Mar 19, 2018  9:49 PM ]========================
Version 2.2.26 [Sep-21-2011]
Started database file "Rangeli_AA.fasta"
Formatted 19 sequences in volume 0
SUCCESS: formatted database Rangeli_AA.fasta

========================[ Mar 19, 2018  9:51 PM ]========================
Version 2.2.26 [Sep-21-2011]
Started database file "Rangeli_CDS.fasta"
Formatted 19 sequences in volume 0
SUCCESS: formatted database Rangeli_CDS.fasta

========================[ Mar 19, 2018  9:51 PM ]========================
Version 2.2.26 [Sep-21-2011]
Started database file "Rangeli_AA.fasta"
Formatted 19 sequences in volume 0
SUCCESS: formatted database Rangeli_AA.fasta

========================[ Mar 19, 2018  9:51 PM ]========================
Version 2.2.26 [Sep-21-2011]
Started database file "Rangeli_CDS.fasta"
Formatted 19 sequences in volume 0
SUCCESS: formatted database Rangeli_CDS.fasta

========================[ Mar 19, 2018  9:51 PM ]========================
Version 2.2.26 [Sep-21-2011]
Started database file "Rangeli_AA.fasta"
Formatted 19 sequences in volume 0
SUCCESS: formatted database Rangeli_AA.fasta
